<?xml version="1.0" encoding="UTF-8"?>
<!-- Generated by org.testng.reporters.JUnitXMLReporter -->
<testsuite ignored="0" hostname="DSM5PQ2" failures="0" tests="3" name="Default test" time="12.183" errors="0" timestamp="2021-03-26T18:31:55 IST">
  <testcase classname="testCases.Gustasi" name="launchSite" time="4.939"/>
  <testcase classname="testCases.Gustasi" name="loginTestCases" time="3.728"/>
  <testcase classname="testCases.Gustasi" name="loginTestCases" time="3.476"/>
</testsuite> <!-- Default test -->
