<?xml version="1.0" encoding="UTF-8"?>
<!-- Generated by org.testng.reporters.JUnitXMLReporter -->
<testsuite ignored="0" hostname="DSM5PQ2" failures="0" tests="4" name="Default test" time="30.391" errors="0" timestamp="2021-03-26T22:25:44 IST">
  <testcase classname="testCases.Gustasi" name="addProductsToBag" time="7.644"/>
  <testcase classname="testCases.Gustasi" name="launchSite" time="9.959"/>
  <testcase classname="testCases.Gustasi" name="loginTestCases" time="6.403"/>
  <testcase classname="testCases.Gustasi" name="loginTestCases" time="6.34"/>
</testsuite> <!-- Default test -->
