<?xml version="1.0" encoding="UTF-8"?>
<testng-results ignored="0" total="1" passed="1" failed="0" skipped="0">
  <reporter-output>
  </reporter-output>
  <suite started-at="2021-03-29T23:02:09 IST" name="Default suite" finished-at="2021-03-29T23:03:41 IST" duration-ms="91800">
    <groups>
    </groups>
    <test started-at="2021-03-29T23:02:09 IST" name="Default test" finished-at="2021-03-29T23:03:41 IST" duration-ms="91800">
      <class name="testCases.Gustasi">
        <test-method signature="addProductsToBag()[pri:0, instance:testCases.Gustasi@37858383]" started-at="2021-03-29T23:02:09 IST" name="addProductsToBag" finished-at="2021-03-29T23:03:41 IST" duration-ms="91775" status="PASS">
          <reporter-output>
          </reporter-output>
        </test-method> <!-- addProductsToBag -->
      </class> <!-- testCases.Gustasi -->
    </test> <!-- Default test -->
  </suite> <!-- Default suite -->
</testng-results>
