<?xml version="1.0" encoding="UTF-8"?>
<testng-results ignored="0" total="4" passed="4" failed="0" skipped="0">
  <reporter-output>
  </reporter-output>
  <suite started-at="2021-03-26T22:25:14 IST" name="Default suite" finished-at="2021-03-26T22:25:44 IST" duration-ms="30391">
    <groups>
    </groups>
    <test started-at="2021-03-26T22:25:14 IST" name="Default test" finished-at="2021-03-26T22:25:44 IST" duration-ms="30391">
      <class name="testCases.Gustasi">
        <test-method signature="addProductsToBag()[pri:0, instance:testCases.Gustasi@37858383]" started-at="2021-03-26T22:25:14 IST" name="addProductsToBag" finished-at="2021-03-26T22:25:21 IST" duration-ms="7644" status="PASS">
          <reporter-output>
          </reporter-output>
        </test-method> <!-- addProductsToBag -->
        <test-method signature="launchSite()[pri:0, instance:testCases.Gustasi@37858383]" started-at="2021-03-26T22:25:21 IST" name="launchSite" finished-at="2021-03-26T22:25:31 IST" duration-ms="9959" status="PASS">
          <reporter-output>
          </reporter-output>
        </test-method> <!-- launchSite -->
        <test-method signature="loginTestCases(java.lang.String, java.lang.String)[pri:0, instance:testCases.Gustasi@37858383]" started-at="2021-03-26T22:25:31 IST" name="loginTestCases" data-provider="getData" finished-at="2021-03-26T22:25:38 IST" duration-ms="6403" status="PASS">
          <params>
            <param index="0">
              <value>
                <![CDATA[pathuri.thirumalesh19@gmail.com]]>
              </value>
            </param>
            <param index="1">
              <value>
                <![CDATA[13579Thiru!]]>
              </value>
            </param>
          </params>
          <reporter-output>
          </reporter-output>
        </test-method> <!-- loginTestCases -->
        <test-method signature="loginTestCases(java.lang.String, java.lang.String)[pri:0, instance:testCases.Gustasi@37858383]" started-at="2021-03-26T22:25:38 IST" name="loginTestCases" data-provider="getData" finished-at="2021-03-26T22:25:44 IST" duration-ms="6340" status="PASS">
          <params>
            <param index="0">
              <value>
                <![CDATA[pathuri.thirumalesh19@gmail.com]]>
              </value>
            </param>
            <param index="1">
              <value>
                <![CDATA[13579Thiru@]]>
              </value>
            </param>
          </params>
          <reporter-output>
          </reporter-output>
        </test-method> <!-- loginTestCases -->
      </class> <!-- testCases.Gustasi -->
    </test> <!-- Default test -->
  </suite> <!-- Default suite -->
</testng-results>
